<?xml version="1.0" encoding="UTF-8"?>
<!-- Generated by org.testng.reporters.JUnitReportReporter -->
<testsuite skipped="0" hostname="BLT144" name="com.myFirstTestNGProject.DemoTestNG" tests="2" failures="0" timestamp="05 Mar 2020 09:21:00 GMT" time="0.011" errors="0">
  <testcase name="m3" time="0.003" classname="com.myFirstTestNGProject.DemoTestNG"/>
  <testcase name="m2" time="0.008" classname="com.myFirstTestNGProject.DemoTestNG"/>
</testsuite> <!-- com.myFirstTestNGProject.DemoTestNG -->
