<?xml version="1.0" encoding="UTF-8"?>
<!-- Generated by org.testng.reporters.JUnitReportReporter -->
<testsuite skipped="0" hostname="BLT144" name="com.myFirstTestNGProject.TestAction" tests="1" failures="0" timestamp="07 Mar 2020 06:14:23 GMT" time="15.664" errors="0">
  <testcase name="actions" time="15.664" classname="com.myFirstTestNGProject.TestAction"/>
</testsuite> <!-- com.myFirstTestNGProject.TestAction -->
