<?xml version="1.0" encoding="UTF-8"?>
<!-- Generated by org.testng.reporters.JUnitReportReporter -->
<testsuite skipped="0" hostname="BLT144" name="com.myFirstTestNGProject.SecondTestNGProgram" tests="1" failures="0" timestamp="05 Mar 2020 09:23:09 GMT" time="7.853" errors="0">
  <testcase name="m2" time="7.853" classname="com.myFirstTestNGProject.SecondTestNGProgram"/>
</testsuite> <!-- com.myFirstTestNGProject.SecondTestNGProgram -->
