<?xml version="1.0" encoding="UTF-8"?>
<!-- Generated by org.testng.reporters.JUnitReportReporter -->
<testsuite skipped="0" hostname="BLT144" name="com.myFirstTestNGProject.TestDataProvider" tests="1" failures="0" timestamp="05 Mar 2020 09:23:38 GMT" time="0.019" errors="0">
  <testcase name="method" time="0.019" classname="com.myFirstTestNGProject.TestDataProvider"/>
</testsuite> <!-- com.myFirstTestNGProject.TestDataProvider -->
