<?xml version="1.0" encoding="UTF-8"?>
<!-- Generated by org.testng.reporters.JUnitReportReporter -->
<testsuite skipped="0" hostname="BLT144" name="com.myFirstTestNGProject.DemoWebShop" tests="1" failures="0" timestamp="05 Mar 2020 09:27:03 GMT" time="15.374" errors="0">
  <testcase name="Login" time="15.374" classname="com.myFirstTestNGProject.DemoWebShop"/>
</testsuite> <!-- com.myFirstTestNGProject.DemoWebShop -->
