<?xml version="1.0" encoding="UTF-8"?>
<!-- Generated by org.testng.reporters.JUnitReportReporter -->
<testsuite skipped="0" hostname="BLT144" name="com.myFirstTestNGProject.Timeouts" tests="1" failures="0" timestamp="05 Mar 2020 09:24:50 GMT" time="0.042" errors="0">
  <testcase name="testTimeOut" time="0.042" classname="com.myFirstTestNGProject.Timeouts"/>
</testsuite> <!-- com.myFirstTestNGProject.Timeouts -->
