<?xml version="1.0" encoding="UTF-8"?>
<!-- Generated by org.testng.reporters.JUnitReportReporter -->
<testsuite skipped="0" hostname="BLT144" name="com.myFirstTestNGProject.TestDataProvider2" tests="2" failures="0" timestamp="05 Mar 2020 09:24:00 GMT" time="0.019" errors="0">
  <testcase name="method" time="0.016" classname="com.myFirstTestNGProject.TestDataProvider2"/>
  <testcase name="method" time="0.003" classname="com.myFirstTestNGProject.TestDataProvider2"/>
</testsuite> <!-- com.myFirstTestNGProject.TestDataProvider2 -->
