<?xml version="1.0" encoding="UTF-8"?>
<!-- Generated by org.testng.reporters.JUnitReportReporter -->
<testsuite skipped="0" hostname="BLT144" name="com.myFirstTestNGProject.Demo2" tests="2" failures="0" timestamp="05 Mar 2020 09:20:12 GMT" time="0.027" errors="0">
  <testcase name="m2" time="0.001" classname="com.myFirstTestNGProject.Demo2"/>
  <testcase name="m1" time="0.026" classname="com.myFirstTestNGProject.Demo2"/>
</testsuite> <!-- com.myFirstTestNGProject.Demo2 -->
