<?xml version="1.0" encoding="UTF-8"?>
<!-- Generated by org.testng.reporters.JUnitReportReporter -->
<testsuite skipped="1" hostname="BLT144" name="com.myFirstTestNGProject.EnableTest" tests="2" failures="0" timestamp="05 Mar 2020 09:21:29 GMT" time="0.021" errors="0">
  <testcase name="enableTest" time="0.021" classname="com.myFirstTestNGProject.EnableTest"/>
  <testcase name="disableTest" classname="com.myFirstTestNGProject.EnableTest">
    <skipped/>
  </testcase> <!-- disableTest -->
</testsuite> <!-- com.myFirstTestNGProject.EnableTest -->
