<?xml version="1.0" encoding="UTF-8"?>
<!-- Generated by org.testng.reporters.JUnitReportReporter -->
<testsuite skipped="0" hostname="BLT144" name="com.myFirstTestNGProject.TestGroups" tests="3" failures="0" timestamp="05 Mar 2020 09:24:29 GMT" time="0.048" errors="0">
  <testcase name="m3" time="0.003" classname="com.myFirstTestNGProject.TestGroups"/>
  <testcase name="m1" time="0.030" classname="com.myFirstTestNGProject.TestGroups"/>
  <testcase name="m2" time="0.015" classname="com.myFirstTestNGProject.TestGroups"/>
</testsuite> <!-- com.myFirstTestNGProject.TestGroups -->
